2025-08-14 13:09:18 - ids - INFO - Starting Windows IDS - MANAGER component
2025-08-14 13:09:18 - ids - ERROR - Error in MANAGER component: No module named 'manager.server'
Traceback (most recent call last):
  File "C:\Users\baves\Downloads\IDS\main.py", line 261, in main
    from manager.server import IDSManager
ModuleNotFoundError: No module named 'manager.server'
2025-08-14 13:09:49 - ids - INFO - Starting Windows IDS - MANAGER component
2025-08-14 13:12:43 - ids - INFO - Starting Windows IDS - MANAGER component
2025-08-14 13:12:43 - ids.manager - INFO - Initializing IDS Manager
2025-08-14 13:12:43 - ids.manager - INFO - Starting IDS Manager
2025-08-14 13:12:43 - ids.manager - INFO - Database initialized successfully
2025-08-14 13:12:43 - ids.manager - INFO - Starting API server on 0.0.0.0:5000
2025-08-14 13:12:43 - ids.manager - INFO - Starting maintenance task
2025-08-14 13:12:43 - ids.manager - INFO - Starting API server on 0.0.0.0:5000
2025-08-14 13:12:43 - ids.manager - INFO - Performing database cleanup, removing events older than 2025-07-15
2025-08-14 13:12:43 - ids.manager - INFO - Starting event correlation engine
2025-08-14 13:12:43 - ids.manager - INFO - Deleted 0 old events from database
2025-08-14 13:12:43 - ids.manager - INFO - Starting event correlation engine
2025-08-14 13:12:43 - ids.manager - INFO - IDS Manager started on 0.0.0.0:5000
2025-08-14 13:13:21 - ids.manager - ERROR - Error serving static file index.html: 404 Not Found: The requested URL was not found on the server. If you entered the URL manually please check your spelling and try again.
2025-08-14 13:13:21 - ids.manager - ERROR - Error serving static file index.html: 404 Not Found: The requested URL was not found on the server. If you entered the URL manually please check your spelling and try again.
2025-08-14 13:17:22 - ids.manager - ERROR - Error serving static file index.html: 404 Not Found: The requested URL was not found on the server. If you entered the URL manually please check your spelling and try again.
2025-08-14 13:18:01 - ids - INFO - Starting Windows IDS - HIDS component
2025-08-14 13:18:11 - ids - INFO - Starting Windows IDS - NIDS component
2025-08-14 13:18:21 - ids - INFO - Starting Windows IDS - MANAGER component
2025-08-14 13:18:21 - ids.manager - INFO - Initializing IDS Manager
2025-08-14 13:18:21 - ids.manager - INFO - Starting IDS Manager
2025-08-14 13:18:21 - ids.manager - INFO - Database initialized successfully
2025-08-14 13:18:21 - ids.manager - INFO - Starting API server on 0.0.0.0:5000
2025-08-14 13:18:21 - ids.manager - INFO - Starting maintenance task
2025-08-14 13:18:21 - ids.manager - INFO - Starting API server on 0.0.0.0:5000
2025-08-14 13:18:21 - ids.manager - INFO - Performing database cleanup, removing events older than 2025-07-15
2025-08-14 13:18:21 - ids.manager - INFO - Starting event correlation engine
2025-08-14 13:18:21 - ids.manager - INFO - Deleted 0 old events from database
2025-08-14 13:18:21 - ids.manager - INFO - Starting event correlation engine
2025-08-14 13:18:21 - ids.manager - INFO - IDS Manager started on 0.0.0.0:5000
2025-08-14 14:38:05 - ids - INFO - Starting Windows IDS - MANAGER component
2025-08-14 14:38:06 - ids.manager - INFO - Initializing IDS Manager
2025-08-14 14:38:06 - ids.manager - INFO - Starting IDS Manager
2025-08-14 14:38:06 - ids.manager - INFO - Database initialized successfully
2025-08-14 14:38:06 - ids.manager - INFO - Starting API server on 0.0.0.0:5000
2025-08-14 14:38:06 - ids.manager - INFO - Starting maintenance task
2025-08-14 14:38:06 - ids.manager - INFO - Starting API server on 0.0.0.0:5000
2025-08-14 14:38:06 - ids.manager - INFO - Performing database cleanup, removing events older than 2025-07-15
2025-08-14 14:38:06 - ids.manager - INFO - Starting event correlation engine
2025-08-14 14:38:06 - ids.manager - INFO - Starting event correlation engine
2025-08-14 14:38:06 - ids.manager - INFO - IDS Manager started on 0.0.0.0:5000
2025-08-14 14:38:06 - ids.manager - ERROR - Error getting events: Recursive use of cursors not allowed.
2025-08-14 14:38:06 - ids.manager - INFO - Deleted 0 old events from database
2025-08-14 14:38:11 - ids.manager - ERROR - Error in get_events: 'NoneType' object is not subscriptable
2025-08-14 14:38:11 - ids.manager - ERROR - Error getting events: Recursive use of cursors not allowed.
2025-08-14 14:41:33 - ids - INFO - Starting Windows IDS - HIDS component
2025-08-14 14:43:53 - ids - INFO - Starting Windows IDS - HIDS component
2025-08-14 14:43:53 - ids.hids - INFO - Initializing HIDS Agent
2025-08-14 14:43:53 - ids - ERROR - Error in HIDS component: 'monitored_paths'
Traceback (most recent call last):
  File "C:\Users\baves\Downloads\IDS\main.py", line 252, in main
    agent = HIDSAgent(config)
  File "C:\Users\baves\Downloads\IDS\hids\agent.py", line 59, in __init__
    self.monitored_paths = [p.strip() for p in config['HIDS']['monitored_paths'].split(',')]
                                               ~~~~~~~~~~~~~~^^^^^^^^^^^^^^^^^^^
  File "C:\Users\baves\AppData\Local\Programs\Python\Python313\Lib\configparser.py", line 1278, in __getitem__
    raise KeyError(key)
KeyError: 'monitored_paths'
2025-08-14 14:44:06 - ids - INFO - Starting Windows IDS - NIDS component
2025-08-14 14:44:08 - ids.nids - INFO - Initializing NIDS Sensor
2025-08-14 14:44:08 - ids - ERROR - Error in NIDS component: 'snap_length'
Traceback (most recent call last):
  File "C:\Users\baves\Downloads\IDS\main.py", line 257, in main
    sensor = NIDSSensor(config)
  File "C:\Users\baves\Downloads\IDS\nids\sensor.py", line 62, in __init__
    self.snap_length = int(config['NIDS']['snap_length'])
                           ~~~~~~~~~~~~~~^^^^^^^^^^^^^^^
  File "C:\Users\baves\AppData\Local\Programs\Python\Python313\Lib\configparser.py", line 1278, in __getitem__
    raise KeyError(key)
KeyError: 'snap_length'
2025-08-14 14:44:59 - ids - INFO - Starting Windows IDS - HIDS component
2025-08-14 14:45:07 - ids - INFO - Starting Windows IDS - NIDS component
2025-08-14 14:45:42 - ids - INFO - Starting Windows IDS - HIDS component
2025-08-14 14:45:43 - ids.hids - INFO - Initializing HIDS Agent
2025-08-14 14:45:43 - ids.hids - INFO - Event Log Monitor initialized for logs: Security, System, Application
2025-08-14 14:45:43 - ids.hids - INFO - File Integrity Monitor initialized with 3 paths
2025-08-14 14:45:43 - ids.hids - INFO - Registry Monitor initialized with 10 keys
2025-08-14 14:45:43 - ids.hids - INFO - Starting HIDS Agent
2025-08-14 14:45:43 - ids.hids - INFO - Starting Event Log Monitor
2025-08-14 14:45:43 - ids.hids - INFO - Starting Event Log Monitor
2025-08-14 14:45:43 - ids.hids - INFO - Starting File Integrity Monitor
2025-08-14 14:45:43 - ids.hids - INFO - Starting File Integrity Monitor
2025-08-14 14:45:43 - ids.hids - INFO - Starting Registry Monitor
2025-08-14 14:45:43 - ids.hids - INFO - Starting Registry Monitor
2025-08-14 14:45:43 - ids.hids - INFO - HIDS Agent started on VJUNDELLA
2025-08-14 14:45:43 - ids.hids - INFO - Built registry baseline with 10 keys
2025-08-14 14:45:48 - ids.hids - INFO - Built registry baseline with 10 keys
2025-08-14 15:08:08 - ids - INFO - Starting Windows IDS - MANAGER component
2025-08-14 15:08:08 - ids.manager - INFO - Initializing IDS Manager
2025-08-14 15:08:08 - ids.manager - INFO - Starting IDS Manager
2025-08-14 15:08:08 - ids.manager - INFO - Database initialized successfully
2025-08-14 15:08:08 - ids.manager - INFO - Starting API server on 0.0.0.0:5000
2025-08-14 15:08:08 - ids.manager - INFO - Starting maintenance task
2025-08-14 15:08:08 - ids.manager - INFO - Starting API server on 0.0.0.0:5000
2025-08-14 15:08:08 - ids.manager - INFO - Performing database cleanup, removing events older than 2025-07-15
2025-08-14 15:08:08 - ids.manager - INFO - Starting event correlation engine
2025-08-14 15:08:08 - ids.manager - INFO - Starting event correlation engine
2025-08-14 15:08:08 - ids.manager - INFO - IDS Manager started on 0.0.0.0:5000
2025-08-14 15:08:08 - ids.manager - INFO - Deleted 0 old events from database
2025-08-14 15:08:15 - ids.manager - ERROR - Error getting events: Recursive use of cursors not allowed.
2025-08-14 15:08:15 - ids.manager - ERROR - Error getting event count: Recursive use of cursors not allowed.
2025-08-14 15:08:24 - ids - INFO - Starting Windows IDS - HIDS component
2025-08-14 15:08:32 - ids - INFO - Starting Windows IDS - NIDS component
2025-08-14 15:13:35 - ids - INFO - Starting Windows IDS - MANAGER component
2025-08-14 15:13:36 - ids.manager - INFO - Initializing IDS Manager
2025-08-14 15:13:36 - ids.manager - INFO - Starting IDS Manager
2025-08-14 15:13:36 - ids.manager - INFO - Database initialized successfully
2025-08-14 15:13:36 - ids.manager - INFO - Starting API server on 0.0.0.0:5000
2025-08-14 15:13:36 - ids.manager - INFO - Starting maintenance task
2025-08-14 15:13:36 - ids.manager - INFO - Starting API server on 0.0.0.0:5000
2025-08-14 15:13:36 - ids.manager - INFO - Performing database cleanup, removing events older than 2025-07-15
2025-08-14 15:13:36 - ids.manager - INFO - Starting event correlation engine
2025-08-14 15:13:36 - ids.manager - INFO - Starting event correlation engine
2025-08-14 15:13:36 - ids.manager - INFO - IDS Manager started on 0.0.0.0:5000
2025-08-14 15:13:36 - ids.manager - INFO - Deleted 0 old events from database
2025-08-14 15:13:40 - ids.manager - ERROR - Error getting events: Recursive use of cursors not allowed.
2025-08-14 15:13:40 - ids.manager - ERROR - Error getting event count: Recursive use of cursors not allowed.
2025-08-14 15:13:44 - ids - INFO - Starting Windows IDS - HIDS component
2025-08-14 15:13:44 - ids - INFO - Starting Windows IDS - NIDS component
